<!DOCTYPE html PUBLIC "-//W3C//DTD XHTML 1.1//EN" "http://www.w3.org/TR/xhtml11/DTD/xhtml11.dtd">
<html xmlns="http://www.w3.org/1999/xhtml">
<head>
<meta http-equiv="content-type" content="text/html; charset=UTF-8"/>
<title>TestNG Report</title>
<style type="text/css">table {margin-bottom:10px;border-collapse:collapse;empty-cells:show}th,td {border:1px solid #009;padding:.25em .5em}th {vertical-align:bottom}td {vertical-align:top}table a {font-weight:bold}.stripe td {background-color: #E6EBF9}.num {text-align:right}.passedodd td {background-color: #3F3}.passedeven td {background-color: #0A0}.skippedodd td {background-color: #DDD}.skippedeven td {background-color: #CCC}.failedodd td,.attn {background-color: #F33}.failedeven td,.stripe .attn {background-color: #D00}.stacktrace {white-space:pre;font-family:monospace}.totop {font-size:85%;text-align:center;border-bottom:2px solid #000}.invisible {display:none}</style>
</head>
<body>
<table>
<tr><th>Test</th><th># Passed</th><th># Skipped</th><th># Failed</th><th>Time (ms)</th><th>Included Groups</th><th>Excluded Groups</th></tr>
<tr><th colspan="7">Suite</th></tr>
<tr><td><a href="#t0">Test</a></td><td class="num">0</td><td class="num attn">15</td><td class="num">0</td><td class="num">32,557</td><td></td><td></td></tr>
</table>
<table id='summary'><thead><tr><th>Class</th><th>Method</th><th>Start</th><th>Time (ms)</th></tr></thead><tbody><tr><th colspan="4">Suite</th></tr></tbody><tbody id="t0"><tr><th colspan="4">Test &#8212; failed (configuration methods)</th></tr><tr class="failedeven"><td rowspan="1">AndroidAppiumAuto.AppActivity</td><td><a href="#m0">launchapp</a></td><td rowspan="1">1611833251036</td><td rowspan="1">32206</td></tr><tr><th colspan="4">Test &#8212; skipped (configuration methods)</th></tr><tr class="skippedeven"><td rowspan="17">AndroidAppiumAuto.AppActivity</td><td><a href="#m1">crashdetails</a></td><td rowspan="1">1611833283556</td><td rowspan="1">0</td></tr><tr class="skippedeven"><td><a href="#m2">getResult</a></td><td rowspan="15">1611833283322</td><td rowspan="15">0</td></tr><tr class="skippedeven"><td><a href="#m3">getResult</a></td></tr><tr class="skippedeven"><td><a href="#m4">getResult</a></td></tr><tr class="skippedeven"><td><a href="#m5">getResult</a></td></tr><tr class="skippedeven"><td><a href="#m6">getResult</a></td></tr><tr class="skippedeven"><td><a href="#m7">getResult</a></td></tr><tr class="skippedeven"><td><a href="#m8">getResult</a></td></tr><tr class="skippedeven"><td><a href="#m9">getResult</a></td></tr><tr class="skippedeven"><td><a href="#m10">getResult</a></td></tr><tr class="skippedeven"><td><a href="#m11">getResult</a></td></tr><tr class="skippedeven"><td><a href="#m12">getResult</a></td></tr><tr class="skippedeven"><td><a href="#m13">getResult</a></td></tr><tr class="skippedeven"><td><a href="#m14">getResult</a></td></tr><tr class="skippedeven"><td><a href="#m15">getResult</a></td></tr><tr class="skippedeven"><td><a href="#m16">getResult</a></td></tr><tr class="skippedeven"><td><a href="#m17">tearDown</a></td><td rowspan="1">1611833283547</td><td rowspan="1">0</td></tr><tr><th colspan="4">Test &#8212; skipped</th></tr><tr class="skippedeven"><td rowspan="15">AndroidAppiumAuto.AppActivity</td><td><a href="#m18">BannerDetails</a></td><td rowspan="1">1611833283354</td><td rowspan="1">0</td></tr><tr class="skippedeven"><td><a href="#m19">InvalidMsisdn</a></td><td rowspan="1">1611833283296</td><td rowspan="1">0</td></tr><tr class="skippedeven"><td><a href="#m20">LoginPage</a></td><td rowspan="1">1611833283305</td><td rowspan="1">0</td></tr><tr class="skippedeven"><td><a href="#m21">NoMsisdn</a></td><td rowspan="1">1611833283277</td><td rowspan="1">0</td></tr><tr class="skippedeven"><td><a href="#m22">Notifications</a></td><td rowspan="1">1611833283405</td><td rowspan="1">0</td></tr><tr class="skippedeven"><td><a href="#m23">OTPPageValidation</a></td><td rowspan="1">1611833283314</td><td rowspan="1">0</td></tr><tr class="skippedeven"><td><a href="#m24">ResendFetchOTP</a></td><td rowspan="1">1611833283325</td><td rowspan="1">0</td></tr><tr class="skippedeven"><td><a href="#m25">TopUpMPitesan</a></td><td rowspan="1">1611833283395</td><td rowspan="1">0</td></tr><tr class="skippedeven"><td><a href="#m26">TopUpVoucher</a></td><td rowspan="1">1611833283376</td><td rowspan="1">0</td></tr><tr class="skippedeven"><td><a href="#m27">UsageHistory</a></td><td rowspan="1">1611833283480</td><td rowspan="1">0</td></tr><tr class="skippedeven"><td><a href="#m28">UserRegisterDetails</a></td><td rowspan="1">1611833283528</td><td rowspan="1">0</td></tr><tr class="skippedeven"><td><a href="#m29">UserRegisterStatus</a></td><td rowspan="1">1611833283501</td><td rowspan="1">0</td></tr><tr class="skippedeven"><td><a href="#m30">VIPMyBenefits</a></td><td rowspan="1">1611833283415</td><td rowspan="1">0</td></tr><tr class="skippedeven"><td><a href="#m31">VIP_Validation</a></td><td rowspan="1">1611833283465</td><td rowspan="1">0</td></tr><tr class="skippedeven"><td><a href="#m32">contextpopup</a></td><td rowspan="1">1611833283344</td><td rowspan="1">0</td></tr></tbody>
</table>
<h2>Test</h2><h3 id="m0">AndroidAppiumAuto.AppActivity#launchapp</h3><table class="result"><tr class="param"><th>Parameter #1</th><th>Parameter #2</th></tr><tr class="param stripe"><td>config.json</td><td>9971357267</td></tr><tr><th colspan="2">Exception</th></tr><tr><td colspan="2"><div class="stacktrace">org.openqa.selenium.WebDriverException: unknown error: Chrome failed to start: exited normally.
  (unknown error: DevToolsActivePort file doesn&apos;t exist)
  (The process started from chrome location C:\Program Files (x86)\Google\Chrome\Application\chrome.exe is no longer running, so ChromeDriver is assuming that Chrome has crashed.)
Build info: version: &apos;3.141.59&apos;, revision: &apos;e82be7d358&apos;, time: &apos;2018-11-14T08:17:03&apos;
System info: host: &apos;WLPT761&apos;, ip: &apos;172.16.44.125&apos;, os.name: &apos;Windows 10&apos;, os.arch: &apos;amd64&apos;, os.version: &apos;10.0&apos;, java.version: &apos;1.8.0_261&apos;
Driver info: driver.version: ChromeDriver
remote stacktrace: Backtrace:
	Ordinal0 [0x00B6ECE3+3337443]
	Ordinal0 [0x00A4F041+2158657]
	Ordinal0 [0x008D6FA8+618408]
	Ordinal0 [0x0084E48A+58506]
	Ordinal0 [0x0084C38A+50058]
	Ordinal0 [0x00875E8E+220814]
	Ordinal0 [0x00875BFC+220156]
	Ordinal0 [0x0087181B+202779]
	Ordinal0 [0x00853D74+81268]
	Ordinal0 [0x00854D6E+85358]
	Ordinal0 [0x00854CF9+85241]
	Ordinal0 [0x00A66F2C+2256684]
	GetHandleVerifier [0x00CF2FAC+1478332]
	GetHandleVerifier [0x00CF2AFD+1477133]
	GetHandleVerifier [0x00CFAAD8+1509864]
	GetHandleVerifier [0x00CF369E+1480110]
	Ordinal0 [0x00A5D6BD+2217661]
	Ordinal0 [0x00A689AB+2263467]
	Ordinal0 [0x00A68AEF+2263791]
	Ordinal0 [0x00A7D363+2347875]
	BaseThreadInitThunk [0x77776359+25]
	RtlGetAppContainerNamedObjectPath [0x77AF8944+228]
	RtlGetAppContainerNamedObjectPath [0x77AF8914+180]

	at org.openqa.selenium.remote.W3CHandshakeResponse.lambda$errorHandler$0(W3CHandshakeResponse.java:62)
	at org.openqa.selenium.remote.HandshakeResponse.lambda$getResponseFunction$0(HandshakeResponse.java:30)
	at org.openqa.selenium.remote.ProtocolHandshake.lambda$createSession$0(ProtocolHandshake.java:126)
	at java.util.stream.ReferencePipeline$3$1.accept(Unknown Source)
	at java.util.Spliterators$ArraySpliterator.tryAdvance(Unknown Source)
	at java.util.stream.ReferencePipeline.forEachWithCancel(Unknown Source)
	at java.util.stream.AbstractPipeline.copyIntoWithCancel(Unknown Source)
	at java.util.stream.AbstractPipeline.copyInto(Unknown Source)
	at java.util.stream.AbstractPipeline.wrapAndCopyInto(Unknown Source)
	at java.util.stream.FindOps$FindOp.evaluateSequential(Unknown Source)
	at java.util.stream.AbstractPipeline.evaluate(Unknown Source)
	at java.util.stream.ReferencePipeline.findFirst(Unknown Source)
	at org.openqa.selenium.remote.ProtocolHandshake.createSession(ProtocolHandshake.java:128)
	at org.openqa.selenium.remote.ProtocolHandshake.createSession(ProtocolHandshake.java:74)
	at org.openqa.selenium.remote.HttpCommandExecutor.execute(HttpCommandExecutor.java:136)
	at org.openqa.selenium.remote.service.DriverCommandExecutor.execute(DriverCommandExecutor.java:83)
	at org.openqa.selenium.remote.RemoteWebDriver.execute(RemoteWebDriver.java:552)
	at org.openqa.selenium.remote.RemoteWebDriver.startSession(RemoteWebDriver.java:213)
	at org.openqa.selenium.remote.RemoteWebDriver.&lt;init&gt;(RemoteWebDriver.java:131)
	at org.openqa.selenium.chrome.ChromeDriver.&lt;init&gt;(ChromeDriver.java:181)
	at org.openqa.selenium.chrome.ChromeDriver.&lt;init&gt;(ChromeDriver.java:168)
	at org.openqa.selenium.chrome.ChromeDriver.&lt;init&gt;(ChromeDriver.java:123)
	at AndroidAppiumAuto.CommonMethods.initmethods(CommonMethods.java:68)
	at AndroidAppiumAuto.AppActivity.launchapp(AppActivity.java:1247)
	at java.util.concurrent.ThreadPoolExecutor.runWorker(Unknown Source)
	at java.util.concurrent.ThreadPoolExecutor$Worker.run(Unknown Source)
	at java.lang.Thread.run(Unknown Source)
... Removed 15 stack frames</div></td></tr></table><p class="totop"><a href="#summary">back to summary</a></p>
<h3 id="m1">AndroidAppiumAuto.AppActivity#crashdetails</h3><table class="result"><tr><th class="invisible"/></tr></table><p class="totop"><a href="#summary">back to summary</a></p>
<h3 id="m2">AndroidAppiumAuto.AppActivity#getResult</h3><table class="result"><tr><th class="invisible"/></tr></table><p class="totop"><a href="#summary">back to summary</a></p>
<h3 id="m3">AndroidAppiumAuto.AppActivity#getResult</h3><table class="result"><tr><th class="invisible"/></tr></table><p class="totop"><a href="#summary">back to summary</a></p>
<h3 id="m4">AndroidAppiumAuto.AppActivity#getResult</h3><table class="result"><tr><th class="invisible"/></tr></table><p class="totop"><a href="#summary">back to summary</a></p>
<h3 id="m5">AndroidAppiumAuto.AppActivity#getResult</h3><table class="result"><tr><th class="invisible"/></tr></table><p class="totop"><a href="#summary">back to summary</a></p>
<h3 id="m6">AndroidAppiumAuto.AppActivity#getResult</h3><table class="result"><tr><th class="invisible"/></tr></table><p class="totop"><a href="#summary">back to summary</a></p>
<h3 id="m7">AndroidAppiumAuto.AppActivity#getResult</h3><table class="result"><tr><th class="invisible"/></tr></table><p class="totop"><a href="#summary">back to summary</a></p>
<h3 id="m8">AndroidAppiumAuto.AppActivity#getResult</h3><table class="result"><tr><th class="invisible"/></tr></table><p class="totop"><a href="#summary">back to summary</a></p>
<h3 id="m9">AndroidAppiumAuto.AppActivity#getResult</h3><table class="result"><tr><th class="invisible"/></tr></table><p class="totop"><a href="#summary">back to summary</a></p>
<h3 id="m10">AndroidAppiumAuto.AppActivity#getResult</h3><table class="result"><tr><th class="invisible"/></tr></table><p class="totop"><a href="#summary">back to summary</a></p>
<h3 id="m11">AndroidAppiumAuto.AppActivity#getResult</h3><table class="result"><tr><th class="invisible"/></tr></table><p class="totop"><a href="#summary">back to summary</a></p>
<h3 id="m12">AndroidAppiumAuto.AppActivity#getResult</h3><table class="result"><tr><th class="invisible"/></tr></table><p class="totop"><a href="#summary">back to summary</a></p>
<h3 id="m13">AndroidAppiumAuto.AppActivity#getResult</h3><table class="result"><tr><th class="invisible"/></tr></table><p class="totop"><a href="#summary">back to summary</a></p>
<h3 id="m14">AndroidAppiumAuto.AppActivity#getResult</h3><table class="result"><tr><th class="invisible"/></tr></table><p class="totop"><a href="#summary">back to summary</a></p>
<h3 id="m15">AndroidAppiumAuto.AppActivity#getResult</h3><table class="result"><tr><th class="invisible"/></tr></table><p class="totop"><a href="#summary">back to summary</a></p>
<h3 id="m16">AndroidAppiumAuto.AppActivity#getResult</h3><table class="result"><tr><th class="invisible"/></tr></table><p class="totop"><a href="#summary">back to summary</a></p>
<h3 id="m17">AndroidAppiumAuto.AppActivity#tearDown</h3><table class="result"><tr><th class="invisible"/></tr></table><p class="totop"><a href="#summary">back to summary</a></p>
<h3 id="m18">AndroidAppiumAuto.AppActivity#BannerDetails</h3><table class="result"><tr><th>Exception</th></tr><tr><td><div class="stacktrace">org.openqa.selenium.WebDriverException: unknown error: Chrome failed to start: exited normally.
  (unknown error: DevToolsActivePort file doesn&apos;t exist)
  (The process started from chrome location C:\Program Files (x86)\Google\Chrome\Application\chrome.exe is no longer running, so ChromeDriver is assuming that Chrome has crashed.)
Build info: version: &apos;3.141.59&apos;, revision: &apos;e82be7d358&apos;, time: &apos;2018-11-14T08:17:03&apos;
System info: host: &apos;WLPT761&apos;, ip: &apos;172.16.44.125&apos;, os.name: &apos;Windows 10&apos;, os.arch: &apos;amd64&apos;, os.version: &apos;10.0&apos;, java.version: &apos;1.8.0_261&apos;
Driver info: driver.version: ChromeDriver
remote stacktrace: Backtrace:
	Ordinal0 [0x00B6ECE3+3337443]
	Ordinal0 [0x00A4F041+2158657]
	Ordinal0 [0x008D6FA8+618408]
	Ordinal0 [0x0084E48A+58506]
	Ordinal0 [0x0084C38A+50058]
	Ordinal0 [0x00875E8E+220814]
	Ordinal0 [0x00875BFC+220156]
	Ordinal0 [0x0087181B+202779]
	Ordinal0 [0x00853D74+81268]
	Ordinal0 [0x00854D6E+85358]
	Ordinal0 [0x00854CF9+85241]
	Ordinal0 [0x00A66F2C+2256684]
	GetHandleVerifier [0x00CF2FAC+1478332]
	GetHandleVerifier [0x00CF2AFD+1477133]
	GetHandleVerifier [0x00CFAAD8+1509864]
	GetHandleVerifier [0x00CF369E+1480110]
	Ordinal0 [0x00A5D6BD+2217661]
	Ordinal0 [0x00A689AB+2263467]
	Ordinal0 [0x00A68AEF+2263791]
	Ordinal0 [0x00A7D363+2347875]
	BaseThreadInitThunk [0x77776359+25]
	RtlGetAppContainerNamedObjectPath [0x77AF8944+228]
	RtlGetAppContainerNamedObjectPath [0x77AF8914+180]

	at org.openqa.selenium.remote.W3CHandshakeResponse.lambda$errorHandler$0(W3CHandshakeResponse.java:62)
	at org.openqa.selenium.remote.HandshakeResponse.lambda$getResponseFunction$0(HandshakeResponse.java:30)
	at org.openqa.selenium.remote.ProtocolHandshake.lambda$createSession$0(ProtocolHandshake.java:126)
	at java.util.stream.ReferencePipeline$3$1.accept(Unknown Source)
	at java.util.Spliterators$ArraySpliterator.tryAdvance(Unknown Source)
	at java.util.stream.ReferencePipeline.forEachWithCancel(Unknown Source)
	at java.util.stream.AbstractPipeline.copyIntoWithCancel(Unknown Source)
	at java.util.stream.AbstractPipeline.copyInto(Unknown Source)
	at java.util.stream.AbstractPipeline.wrapAndCopyInto(Unknown Source)
	at java.util.stream.FindOps$FindOp.evaluateSequential(Unknown Source)
	at java.util.stream.AbstractPipeline.evaluate(Unknown Source)
	at java.util.stream.ReferencePipeline.findFirst(Unknown Source)
	at org.openqa.selenium.remote.ProtocolHandshake.createSession(ProtocolHandshake.java:128)
	at org.openqa.selenium.remote.ProtocolHandshake.createSession(ProtocolHandshake.java:74)
	at org.openqa.selenium.remote.HttpCommandExecutor.execute(HttpCommandExecutor.java:136)
	at org.openqa.selenium.remote.service.DriverCommandExecutor.execute(DriverCommandExecutor.java:83)
	at org.openqa.selenium.remote.RemoteWebDriver.execute(RemoteWebDriver.java:552)
	at org.openqa.selenium.remote.RemoteWebDriver.startSession(RemoteWebDriver.java:213)
	at org.openqa.selenium.remote.RemoteWebDriver.&lt;init&gt;(RemoteWebDriver.java:131)
	at org.openqa.selenium.chrome.ChromeDriver.&lt;init&gt;(ChromeDriver.java:181)
	at org.openqa.selenium.chrome.ChromeDriver.&lt;init&gt;(ChromeDriver.java:168)
	at org.openqa.selenium.chrome.ChromeDriver.&lt;init&gt;(ChromeDriver.java:123)
	at AndroidAppiumAuto.CommonMethods.initmethods(CommonMethods.java:68)
	at AndroidAppiumAuto.AppActivity.launchapp(AppActivity.java:1247)
	at java.util.concurrent.ThreadPoolExecutor.runWorker(Unknown Source)
	at java.util.concurrent.ThreadPoolExecutor$Worker.run(Unknown Source)
	at java.lang.Thread.run(Unknown Source)
... Removed 15 stack frames</div></td></tr></table><p class="totop"><a href="#summary">back to summary</a></p>
<h3 id="m19">AndroidAppiumAuto.AppActivity#InvalidMsisdn</h3><table class="result"><tr><th>Exception</th></tr><tr><td><div class="stacktrace">org.openqa.selenium.WebDriverException: unknown error: Chrome failed to start: exited normally.
  (unknown error: DevToolsActivePort file doesn&apos;t exist)
  (The process started from chrome location C:\Program Files (x86)\Google\Chrome\Application\chrome.exe is no longer running, so ChromeDriver is assuming that Chrome has crashed.)
Build info: version: &apos;3.141.59&apos;, revision: &apos;e82be7d358&apos;, time: &apos;2018-11-14T08:17:03&apos;
System info: host: &apos;WLPT761&apos;, ip: &apos;172.16.44.125&apos;, os.name: &apos;Windows 10&apos;, os.arch: &apos;amd64&apos;, os.version: &apos;10.0&apos;, java.version: &apos;1.8.0_261&apos;
Driver info: driver.version: ChromeDriver
remote stacktrace: Backtrace:
	Ordinal0 [0x00B6ECE3+3337443]
	Ordinal0 [0x00A4F041+2158657]
	Ordinal0 [0x008D6FA8+618408]
	Ordinal0 [0x0084E48A+58506]
	Ordinal0 [0x0084C38A+50058]
	Ordinal0 [0x00875E8E+220814]
	Ordinal0 [0x00875BFC+220156]
	Ordinal0 [0x0087181B+202779]
	Ordinal0 [0x00853D74+81268]
	Ordinal0 [0x00854D6E+85358]
	Ordinal0 [0x00854CF9+85241]
	Ordinal0 [0x00A66F2C+2256684]
	GetHandleVerifier [0x00CF2FAC+1478332]
	GetHandleVerifier [0x00CF2AFD+1477133]
	GetHandleVerifier [0x00CFAAD8+1509864]
	GetHandleVerifier [0x00CF369E+1480110]
	Ordinal0 [0x00A5D6BD+2217661]
	Ordinal0 [0x00A689AB+2263467]
	Ordinal0 [0x00A68AEF+2263791]
	Ordinal0 [0x00A7D363+2347875]
	BaseThreadInitThunk [0x77776359+25]
	RtlGetAppContainerNamedObjectPath [0x77AF8944+228]
	RtlGetAppContainerNamedObjectPath [0x77AF8914+180]

	at org.openqa.selenium.remote.W3CHandshakeResponse.lambda$errorHandler$0(W3CHandshakeResponse.java:62)
	at org.openqa.selenium.remote.HandshakeResponse.lambda$getResponseFunction$0(HandshakeResponse.java:30)
	at org.openqa.selenium.remote.ProtocolHandshake.lambda$createSession$0(ProtocolHandshake.java:126)
	at java.util.stream.ReferencePipeline$3$1.accept(Unknown Source)
	at java.util.Spliterators$ArraySpliterator.tryAdvance(Unknown Source)
	at java.util.stream.ReferencePipeline.forEachWithCancel(Unknown Source)
	at java.util.stream.AbstractPipeline.copyIntoWithCancel(Unknown Source)
	at java.util.stream.AbstractPipeline.copyInto(Unknown Source)
	at java.util.stream.AbstractPipeline.wrapAndCopyInto(Unknown Source)
	at java.util.stream.FindOps$FindOp.evaluateSequential(Unknown Source)
	at java.util.stream.AbstractPipeline.evaluate(Unknown Source)
	at java.util.stream.ReferencePipeline.findFirst(Unknown Source)
	at org.openqa.selenium.remote.ProtocolHandshake.createSession(ProtocolHandshake.java:128)
	at org.openqa.selenium.remote.ProtocolHandshake.createSession(ProtocolHandshake.java:74)
	at org.openqa.selenium.remote.HttpCommandExecutor.execute(HttpCommandExecutor.java:136)
	at org.openqa.selenium.remote.service.DriverCommandExecutor.execute(DriverCommandExecutor.java:83)
	at org.openqa.selenium.remote.RemoteWebDriver.execute(RemoteWebDriver.java:552)
	at org.openqa.selenium.remote.RemoteWebDriver.startSession(RemoteWebDriver.java:213)
	at org.openqa.selenium.remote.RemoteWebDriver.&lt;init&gt;(RemoteWebDriver.java:131)
	at org.openqa.selenium.chrome.ChromeDriver.&lt;init&gt;(ChromeDriver.java:181)
	at org.openqa.selenium.chrome.ChromeDriver.&lt;init&gt;(ChromeDriver.java:168)
	at org.openqa.selenium.chrome.ChromeDriver.&lt;init&gt;(ChromeDriver.java:123)
	at AndroidAppiumAuto.CommonMethods.initmethods(CommonMethods.java:68)
	at AndroidAppiumAuto.AppActivity.launchapp(AppActivity.java:1247)
	at java.util.concurrent.ThreadPoolExecutor.runWorker(Unknown Source)
	at java.util.concurrent.ThreadPoolExecutor$Worker.run(Unknown Source)
	at java.lang.Thread.run(Unknown Source)
... Removed 15 stack frames</div></td></tr></table><p class="totop"><a href="#summary">back to summary</a></p>
<h3 id="m20">AndroidAppiumAuto.AppActivity#LoginPage</h3><table class="result"><tr><th>Exception</th></tr><tr><td><div class="stacktrace">org.openqa.selenium.WebDriverException: unknown error: Chrome failed to start: exited normally.
  (unknown error: DevToolsActivePort file doesn&apos;t exist)
  (The process started from chrome location C:\Program Files (x86)\Google\Chrome\Application\chrome.exe is no longer running, so ChromeDriver is assuming that Chrome has crashed.)
Build info: version: &apos;3.141.59&apos;, revision: &apos;e82be7d358&apos;, time: &apos;2018-11-14T08:17:03&apos;
System info: host: &apos;WLPT761&apos;, ip: &apos;172.16.44.125&apos;, os.name: &apos;Windows 10&apos;, os.arch: &apos;amd64&apos;, os.version: &apos;10.0&apos;, java.version: &apos;1.8.0_261&apos;
Driver info: driver.version: ChromeDriver
remote stacktrace: Backtrace:
	Ordinal0 [0x00B6ECE3+3337443]
	Ordinal0 [0x00A4F041+2158657]
	Ordinal0 [0x008D6FA8+618408]
	Ordinal0 [0x0084E48A+58506]
	Ordinal0 [0x0084C38A+50058]
	Ordinal0 [0x00875E8E+220814]
	Ordinal0 [0x00875BFC+220156]
	Ordinal0 [0x0087181B+202779]
	Ordinal0 [0x00853D74+81268]
	Ordinal0 [0x00854D6E+85358]
	Ordinal0 [0x00854CF9+85241]
	Ordinal0 [0x00A66F2C+2256684]
	GetHandleVerifier [0x00CF2FAC+1478332]
	GetHandleVerifier [0x00CF2AFD+1477133]
	GetHandleVerifier [0x00CFAAD8+1509864]
	GetHandleVerifier [0x00CF369E+1480110]
	Ordinal0 [0x00A5D6BD+2217661]
	Ordinal0 [0x00A689AB+2263467]
	Ordinal0 [0x00A68AEF+2263791]
	Ordinal0 [0x00A7D363+2347875]
	BaseThreadInitThunk [0x77776359+25]
	RtlGetAppContainerNamedObjectPath [0x77AF8944+228]
	RtlGetAppContainerNamedObjectPath [0x77AF8914+180]

	at org.openqa.selenium.remote.W3CHandshakeResponse.lambda$errorHandler$0(W3CHandshakeResponse.java:62)
	at org.openqa.selenium.remote.HandshakeResponse.lambda$getResponseFunction$0(HandshakeResponse.java:30)
	at org.openqa.selenium.remote.ProtocolHandshake.lambda$createSession$0(ProtocolHandshake.java:126)
	at java.util.stream.ReferencePipeline$3$1.accept(Unknown Source)
	at java.util.Spliterators$ArraySpliterator.tryAdvance(Unknown Source)
	at java.util.stream.ReferencePipeline.forEachWithCancel(Unknown Source)
	at java.util.stream.AbstractPipeline.copyIntoWithCancel(Unknown Source)
	at java.util.stream.AbstractPipeline.copyInto(Unknown Source)
	at java.util.stream.AbstractPipeline.wrapAndCopyInto(Unknown Source)
	at java.util.stream.FindOps$FindOp.evaluateSequential(Unknown Source)
	at java.util.stream.AbstractPipeline.evaluate(Unknown Source)
	at java.util.stream.ReferencePipeline.findFirst(Unknown Source)
	at org.openqa.selenium.remote.ProtocolHandshake.createSession(ProtocolHandshake.java:128)
	at org.openqa.selenium.remote.ProtocolHandshake.createSession(ProtocolHandshake.java:74)
	at org.openqa.selenium.remote.HttpCommandExecutor.execute(HttpCommandExecutor.java:136)
	at org.openqa.selenium.remote.service.DriverCommandExecutor.execute(DriverCommandExecutor.java:83)
	at org.openqa.selenium.remote.RemoteWebDriver.execute(RemoteWebDriver.java:552)
	at org.openqa.selenium.remote.RemoteWebDriver.startSession(RemoteWebDriver.java:213)
	at org.openqa.selenium.remote.RemoteWebDriver.&lt;init&gt;(RemoteWebDriver.java:131)
	at org.openqa.selenium.chrome.ChromeDriver.&lt;init&gt;(ChromeDriver.java:181)
	at org.openqa.selenium.chrome.ChromeDriver.&lt;init&gt;(ChromeDriver.java:168)
	at org.openqa.selenium.chrome.ChromeDriver.&lt;init&gt;(ChromeDriver.java:123)
	at AndroidAppiumAuto.CommonMethods.initmethods(CommonMethods.java:68)
	at AndroidAppiumAuto.AppActivity.launchapp(AppActivity.java:1247)
	at java.util.concurrent.ThreadPoolExecutor.runWorker(Unknown Source)
	at java.util.concurrent.ThreadPoolExecutor$Worker.run(Unknown Source)
	at java.lang.Thread.run(Unknown Source)
... Removed 15 stack frames</div></td></tr></table><p class="totop"><a href="#summary">back to summary</a></p>
<h3 id="m21">AndroidAppiumAuto.AppActivity#NoMsisdn</h3><table class="result"><tr><th>Exception</th></tr><tr><td><div class="stacktrace">org.openqa.selenium.WebDriverException: unknown error: Chrome failed to start: exited normally.
  (unknown error: DevToolsActivePort file doesn&apos;t exist)
  (The process started from chrome location C:\Program Files (x86)\Google\Chrome\Application\chrome.exe is no longer running, so ChromeDriver is assuming that Chrome has crashed.)
Build info: version: &apos;3.141.59&apos;, revision: &apos;e82be7d358&apos;, time: &apos;2018-11-14T08:17:03&apos;
System info: host: &apos;WLPT761&apos;, ip: &apos;172.16.44.125&apos;, os.name: &apos;Windows 10&apos;, os.arch: &apos;amd64&apos;, os.version: &apos;10.0&apos;, java.version: &apos;1.8.0_261&apos;
Driver info: driver.version: ChromeDriver
remote stacktrace: Backtrace:
	Ordinal0 [0x00B6ECE3+3337443]
	Ordinal0 [0x00A4F041+2158657]
	Ordinal0 [0x008D6FA8+618408]
	Ordinal0 [0x0084E48A+58506]
	Ordinal0 [0x0084C38A+50058]
	Ordinal0 [0x00875E8E+220814]
	Ordinal0 [0x00875BFC+220156]
	Ordinal0 [0x0087181B+202779]
	Ordinal0 [0x00853D74+81268]
	Ordinal0 [0x00854D6E+85358]
	Ordinal0 [0x00854CF9+85241]
	Ordinal0 [0x00A66F2C+2256684]
	GetHandleVerifier [0x00CF2FAC+1478332]
	GetHandleVerifier [0x00CF2AFD+1477133]
	GetHandleVerifier [0x00CFAAD8+1509864]
	GetHandleVerifier [0x00CF369E+1480110]
	Ordinal0 [0x00A5D6BD+2217661]
	Ordinal0 [0x00A689AB+2263467]
	Ordinal0 [0x00A68AEF+2263791]
	Ordinal0 [0x00A7D363+2347875]
	BaseThreadInitThunk [0x77776359+25]
	RtlGetAppContainerNamedObjectPath [0x77AF8944+228]
	RtlGetAppContainerNamedObjectPath [0x77AF8914+180]

	at org.openqa.selenium.remote.W3CHandshakeResponse.lambda$errorHandler$0(W3CHandshakeResponse.java:62)
	at org.openqa.selenium.remote.HandshakeResponse.lambda$getResponseFunction$0(HandshakeResponse.java:30)
	at org.openqa.selenium.remote.ProtocolHandshake.lambda$createSession$0(ProtocolHandshake.java:126)
	at java.util.stream.ReferencePipeline$3$1.accept(Unknown Source)
	at java.util.Spliterators$ArraySpliterator.tryAdvance(Unknown Source)
	at java.util.stream.ReferencePipeline.forEachWithCancel(Unknown Source)
	at java.util.stream.AbstractPipeline.copyIntoWithCancel(Unknown Source)
	at java.util.stream.AbstractPipeline.copyInto(Unknown Source)
	at java.util.stream.AbstractPipeline.wrapAndCopyInto(Unknown Source)
	at java.util.stream.FindOps$FindOp.evaluateSequential(Unknown Source)
	at java.util.stream.AbstractPipeline.evaluate(Unknown Source)
	at java.util.stream.ReferencePipeline.findFirst(Unknown Source)
	at org.openqa.selenium.remote.ProtocolHandshake.createSession(ProtocolHandshake.java:128)
	at org.openqa.selenium.remote.ProtocolHandshake.createSession(ProtocolHandshake.java:74)
	at org.openqa.selenium.remote.HttpCommandExecutor.execute(HttpCommandExecutor.java:136)
	at org.openqa.selenium.remote.service.DriverCommandExecutor.execute(DriverCommandExecutor.java:83)
	at org.openqa.selenium.remote.RemoteWebDriver.execute(RemoteWebDriver.java:552)
	at org.openqa.selenium.remote.RemoteWebDriver.startSession(RemoteWebDriver.java:213)
	at org.openqa.selenium.remote.RemoteWebDriver.&lt;init&gt;(RemoteWebDriver.java:131)
	at org.openqa.selenium.chrome.ChromeDriver.&lt;init&gt;(ChromeDriver.java:181)
	at org.openqa.selenium.chrome.ChromeDriver.&lt;init&gt;(ChromeDriver.java:168)
	at org.openqa.selenium.chrome.ChromeDriver.&lt;init&gt;(ChromeDriver.java:123)
	at AndroidAppiumAuto.CommonMethods.initmethods(CommonMethods.java:68)
	at AndroidAppiumAuto.AppActivity.launchapp(AppActivity.java:1247)
	at java.util.concurrent.ThreadPoolExecutor.runWorker(Unknown Source)
	at java.util.concurrent.ThreadPoolExecutor$Worker.run(Unknown Source)
	at java.lang.Thread.run(Unknown Source)
... Removed 15 stack frames</div></td></tr></table><p class="totop"><a href="#summary">back to summary</a></p>
<h3 id="m22">AndroidAppiumAuto.AppActivity#Notifications</h3><table class="result"><tr><th>Exception</th></tr><tr><td><div class="stacktrace">org.openqa.selenium.WebDriverException: unknown error: Chrome failed to start: exited normally.
  (unknown error: DevToolsActivePort file doesn&apos;t exist)
  (The process started from chrome location C:\Program Files (x86)\Google\Chrome\Application\chrome.exe is no longer running, so ChromeDriver is assuming that Chrome has crashed.)
Build info: version: &apos;3.141.59&apos;, revision: &apos;e82be7d358&apos;, time: &apos;2018-11-14T08:17:03&apos;
System info: host: &apos;WLPT761&apos;, ip: &apos;172.16.44.125&apos;, os.name: &apos;Windows 10&apos;, os.arch: &apos;amd64&apos;, os.version: &apos;10.0&apos;, java.version: &apos;1.8.0_261&apos;
Driver info: driver.version: ChromeDriver
remote stacktrace: Backtrace:
	Ordinal0 [0x00B6ECE3+3337443]
	Ordinal0 [0x00A4F041+2158657]
	Ordinal0 [0x008D6FA8+618408]
	Ordinal0 [0x0084E48A+58506]
	Ordinal0 [0x0084C38A+50058]
	Ordinal0 [0x00875E8E+220814]
	Ordinal0 [0x00875BFC+220156]
	Ordinal0 [0x0087181B+202779]
	Ordinal0 [0x00853D74+81268]
	Ordinal0 [0x00854D6E+85358]
	Ordinal0 [0x00854CF9+85241]
	Ordinal0 [0x00A66F2C+2256684]
	GetHandleVerifier [0x00CF2FAC+1478332]
	GetHandleVerifier [0x00CF2AFD+1477133]
	GetHandleVerifier [0x00CFAAD8+1509864]
	GetHandleVerifier [0x00CF369E+1480110]
	Ordinal0 [0x00A5D6BD+2217661]
	Ordinal0 [0x00A689AB+2263467]
	Ordinal0 [0x00A68AEF+2263791]
	Ordinal0 [0x00A7D363+2347875]
	BaseThreadInitThunk [0x77776359+25]
	RtlGetAppContainerNamedObjectPath [0x77AF8944+228]
	RtlGetAppContainerNamedObjectPath [0x77AF8914+180]

	at org.openqa.selenium.remote.W3CHandshakeResponse.lambda$errorHandler$0(W3CHandshakeResponse.java:62)
	at org.openqa.selenium.remote.HandshakeResponse.lambda$getResponseFunction$0(HandshakeResponse.java:30)
	at org.openqa.selenium.remote.ProtocolHandshake.lambda$createSession$0(ProtocolHandshake.java:126)
	at java.util.stream.ReferencePipeline$3$1.accept(Unknown Source)
	at java.util.Spliterators$ArraySpliterator.tryAdvance(Unknown Source)
	at java.util.stream.ReferencePipeline.forEachWithCancel(Unknown Source)
	at java.util.stream.AbstractPipeline.copyIntoWithCancel(Unknown Source)
	at java.util.stream.AbstractPipeline.copyInto(Unknown Source)
	at java.util.stream.AbstractPipeline.wrapAndCopyInto(Unknown Source)
	at java.util.stream.FindOps$FindOp.evaluateSequential(Unknown Source)
	at java.util.stream.AbstractPipeline.evaluate(Unknown Source)
	at java.util.stream.ReferencePipeline.findFirst(Unknown Source)
	at org.openqa.selenium.remote.ProtocolHandshake.createSession(ProtocolHandshake.java:128)
	at org.openqa.selenium.remote.ProtocolHandshake.createSession(ProtocolHandshake.java:74)
	at org.openqa.selenium.remote.HttpCommandExecutor.execute(HttpCommandExecutor.java:136)
	at org.openqa.selenium.remote.service.DriverCommandExecutor.execute(DriverCommandExecutor.java:83)
	at org.openqa.selenium.remote.RemoteWebDriver.execute(RemoteWebDriver.java:552)
	at org.openqa.selenium.remote.RemoteWebDriver.startSession(RemoteWebDriver.java:213)
	at org.openqa.selenium.remote.RemoteWebDriver.&lt;init&gt;(RemoteWebDriver.java:131)
	at org.openqa.selenium.chrome.ChromeDriver.&lt;init&gt;(ChromeDriver.java:181)
	at org.openqa.selenium.chrome.ChromeDriver.&lt;init&gt;(ChromeDriver.java:168)
	at org.openqa.selenium.chrome.ChromeDriver.&lt;init&gt;(ChromeDriver.java:123)
	at AndroidAppiumAuto.CommonMethods.initmethods(CommonMethods.java:68)
	at AndroidAppiumAuto.AppActivity.launchapp(AppActivity.java:1247)
	at java.util.concurrent.ThreadPoolExecutor.runWorker(Unknown Source)
	at java.util.concurrent.ThreadPoolExecutor$Worker.run(Unknown Source)
	at java.lang.Thread.run(Unknown Source)
... Removed 15 stack frames</div></td></tr></table><p class="totop"><a href="#summary">back to summary</a></p>
<h3 id="m23">AndroidAppiumAuto.AppActivity#OTPPageValidation</h3><table class="result"><tr><th>Exception</th></tr><tr><td><div class="stacktrace">org.openqa.selenium.WebDriverException: unknown error: Chrome failed to start: exited normally.
  (unknown error: DevToolsActivePort file doesn&apos;t exist)
  (The process started from chrome location C:\Program Files (x86)\Google\Chrome\Application\chrome.exe is no longer running, so ChromeDriver is assuming that Chrome has crashed.)
Build info: version: &apos;3.141.59&apos;, revision: &apos;e82be7d358&apos;, time: &apos;2018-11-14T08:17:03&apos;
System info: host: &apos;WLPT761&apos;, ip: &apos;172.16.44.125&apos;, os.name: &apos;Windows 10&apos;, os.arch: &apos;amd64&apos;, os.version: &apos;10.0&apos;, java.version: &apos;1.8.0_261&apos;
Driver info: driver.version: ChromeDriver
remote stacktrace: Backtrace:
	Ordinal0 [0x00B6ECE3+3337443]
	Ordinal0 [0x00A4F041+2158657]
	Ordinal0 [0x008D6FA8+618408]
	Ordinal0 [0x0084E48A+58506]
	Ordinal0 [0x0084C38A+50058]
	Ordinal0 [0x00875E8E+220814]
	Ordinal0 [0x00875BFC+220156]
	Ordinal0 [0x0087181B+202779]
	Ordinal0 [0x00853D74+81268]
	Ordinal0 [0x00854D6E+85358]
	Ordinal0 [0x00854CF9+85241]
	Ordinal0 [0x00A66F2C+2256684]
	GetHandleVerifier [0x00CF2FAC+1478332]
	GetHandleVerifier [0x00CF2AFD+1477133]
	GetHandleVerifier [0x00CFAAD8+1509864]
	GetHandleVerifier [0x00CF369E+1480110]
	Ordinal0 [0x00A5D6BD+2217661]
	Ordinal0 [0x00A689AB+2263467]
	Ordinal0 [0x00A68AEF+2263791]
	Ordinal0 [0x00A7D363+2347875]
	BaseThreadInitThunk [0x77776359+25]
	RtlGetAppContainerNamedObjectPath [0x77AF8944+228]
	RtlGetAppContainerNamedObjectPath [0x77AF8914+180]

	at org.openqa.selenium.remote.W3CHandshakeResponse.lambda$errorHandler$0(W3CHandshakeResponse.java:62)
	at org.openqa.selenium.remote.HandshakeResponse.lambda$getResponseFunction$0(HandshakeResponse.java:30)
	at org.openqa.selenium.remote.ProtocolHandshake.lambda$createSession$0(ProtocolHandshake.java:126)
	at java.util.stream.ReferencePipeline$3$1.accept(Unknown Source)
	at java.util.Spliterators$ArraySpliterator.tryAdvance(Unknown Source)
	at java.util.stream.ReferencePipeline.forEachWithCancel(Unknown Source)
	at java.util.stream.AbstractPipeline.copyIntoWithCancel(Unknown Source)
	at java.util.stream.AbstractPipeline.copyInto(Unknown Source)
	at java.util.stream.AbstractPipeline.wrapAndCopyInto(Unknown Source)
	at java.util.stream.FindOps$FindOp.evaluateSequential(Unknown Source)
	at java.util.stream.AbstractPipeline.evaluate(Unknown Source)
	at java.util.stream.ReferencePipeline.findFirst(Unknown Source)
	at org.openqa.selenium.remote.ProtocolHandshake.createSession(ProtocolHandshake.java:128)
	at org.openqa.selenium.remote.ProtocolHandshake.createSession(ProtocolHandshake.java:74)
	at org.openqa.selenium.remote.HttpCommandExecutor.execute(HttpCommandExecutor.java:136)
	at org.openqa.selenium.remote.service.DriverCommandExecutor.execute(DriverCommandExecutor.java:83)
	at org.openqa.selenium.remote.RemoteWebDriver.execute(RemoteWebDriver.java:552)
	at org.openqa.selenium.remote.RemoteWebDriver.startSession(RemoteWebDriver.java:213)
	at org.openqa.selenium.remote.RemoteWebDriver.&lt;init&gt;(RemoteWebDriver.java:131)
	at org.openqa.selenium.chrome.ChromeDriver.&lt;init&gt;(ChromeDriver.java:181)
	at org.openqa.selenium.chrome.ChromeDriver.&lt;init&gt;(ChromeDriver.java:168)
	at org.openqa.selenium.chrome.ChromeDriver.&lt;init&gt;(ChromeDriver.java:123)
	at AndroidAppiumAuto.CommonMethods.initmethods(CommonMethods.java:68)
	at AndroidAppiumAuto.AppActivity.launchapp(AppActivity.java:1247)
	at java.util.concurrent.ThreadPoolExecutor.runWorker(Unknown Source)
	at java.util.concurrent.ThreadPoolExecutor$Worker.run(Unknown Source)
	at java.lang.Thread.run(Unknown Source)
... Removed 15 stack frames</div></td></tr></table><p class="totop"><a href="#summary">back to summary</a></p>
<h3 id="m24">AndroidAppiumAuto.AppActivity#ResendFetchOTP</h3><table class="result"><tr><th>Exception</th></tr><tr><td><div class="stacktrace">org.openqa.selenium.WebDriverException: unknown error: Chrome failed to start: exited normally.
  (unknown error: DevToolsActivePort file doesn&apos;t exist)
  (The process started from chrome location C:\Program Files (x86)\Google\Chrome\Application\chrome.exe is no longer running, so ChromeDriver is assuming that Chrome has crashed.)
Build info: version: &apos;3.141.59&apos;, revision: &apos;e82be7d358&apos;, time: &apos;2018-11-14T08:17:03&apos;
System info: host: &apos;WLPT761&apos;, ip: &apos;172.16.44.125&apos;, os.name: &apos;Windows 10&apos;, os.arch: &apos;amd64&apos;, os.version: &apos;10.0&apos;, java.version: &apos;1.8.0_261&apos;
Driver info: driver.version: ChromeDriver
remote stacktrace: Backtrace:
	Ordinal0 [0x00B6ECE3+3337443]
	Ordinal0 [0x00A4F041+2158657]
	Ordinal0 [0x008D6FA8+618408]
	Ordinal0 [0x0084E48A+58506]
	Ordinal0 [0x0084C38A+50058]
	Ordinal0 [0x00875E8E+220814]
	Ordinal0 [0x00875BFC+220156]
	Ordinal0 [0x0087181B+202779]
	Ordinal0 [0x00853D74+81268]
	Ordinal0 [0x00854D6E+85358]
	Ordinal0 [0x00854CF9+85241]
	Ordinal0 [0x00A66F2C+2256684]
	GetHandleVerifier [0x00CF2FAC+1478332]
	GetHandleVerifier [0x00CF2AFD+1477133]
	GetHandleVerifier [0x00CFAAD8+1509864]
	GetHandleVerifier [0x00CF369E+1480110]
	Ordinal0 [0x00A5D6BD+2217661]
	Ordinal0 [0x00A689AB+2263467]
	Ordinal0 [0x00A68AEF+2263791]
	Ordinal0 [0x00A7D363+2347875]
	BaseThreadInitThunk [0x77776359+25]
	RtlGetAppContainerNamedObjectPath [0x77AF8944+228]
	RtlGetAppContainerNamedObjectPath [0x77AF8914+180]

	at org.openqa.selenium.remote.W3CHandshakeResponse.lambda$errorHandler$0(W3CHandshakeResponse.java:62)
	at org.openqa.selenium.remote.HandshakeResponse.lambda$getResponseFunction$0(HandshakeResponse.java:30)
	at org.openqa.selenium.remote.ProtocolHandshake.lambda$createSession$0(ProtocolHandshake.java:126)
	at java.util.stream.ReferencePipeline$3$1.accept(Unknown Source)
	at java.util.Spliterators$ArraySpliterator.tryAdvance(Unknown Source)
	at java.util.stream.ReferencePipeline.forEachWithCancel(Unknown Source)
	at java.util.stream.AbstractPipeline.copyIntoWithCancel(Unknown Source)
	at java.util.stream.AbstractPipeline.copyInto(Unknown Source)
	at java.util.stream.AbstractPipeline.wrapAndCopyInto(Unknown Source)
	at java.util.stream.FindOps$FindOp.evaluateSequential(Unknown Source)
	at java.util.stream.AbstractPipeline.evaluate(Unknown Source)
	at java.util.stream.ReferencePipeline.findFirst(Unknown Source)
	at org.openqa.selenium.remote.ProtocolHandshake.createSession(ProtocolHandshake.java:128)
	at org.openqa.selenium.remote.ProtocolHandshake.createSession(ProtocolHandshake.java:74)
	at org.openqa.selenium.remote.HttpCommandExecutor.execute(HttpCommandExecutor.java:136)
	at org.openqa.selenium.remote.service.DriverCommandExecutor.execute(DriverCommandExecutor.java:83)
	at org.openqa.selenium.remote.RemoteWebDriver.execute(RemoteWebDriver.java:552)
	at org.openqa.selenium.remote.RemoteWebDriver.startSession(RemoteWebDriver.java:213)
	at org.openqa.selenium.remote.RemoteWebDriver.&lt;init&gt;(RemoteWebDriver.java:131)
	at org.openqa.selenium.chrome.ChromeDriver.&lt;init&gt;(ChromeDriver.java:181)
	at org.openqa.selenium.chrome.ChromeDriver.&lt;init&gt;(ChromeDriver.java:168)
	at org.openqa.selenium.chrome.ChromeDriver.&lt;init&gt;(ChromeDriver.java:123)
	at AndroidAppiumAuto.CommonMethods.initmethods(CommonMethods.java:68)
	at AndroidAppiumAuto.AppActivity.launchapp(AppActivity.java:1247)
	at java.util.concurrent.ThreadPoolExecutor.runWorker(Unknown Source)
	at java.util.concurrent.ThreadPoolExecutor$Worker.run(Unknown Source)
	at java.lang.Thread.run(Unknown Source)
... Removed 15 stack frames</div></td></tr></table><p class="totop"><a href="#summary">back to summary</a></p>
<h3 id="m25">AndroidAppiumAuto.AppActivity#TopUpMPitesan</h3><table class="result"><tr><th>Exception</th></tr><tr><td><div class="stacktrace">org.openqa.selenium.WebDriverException: unknown error: Chrome failed to start: exited normally.
  (unknown error: DevToolsActivePort file doesn&apos;t exist)
  (The process started from chrome location C:\Program Files (x86)\Google\Chrome\Application\chrome.exe is no longer running, so ChromeDriver is assuming that Chrome has crashed.)
Build info: version: &apos;3.141.59&apos;, revision: &apos;e82be7d358&apos;, time: &apos;2018-11-14T08:17:03&apos;
System info: host: &apos;WLPT761&apos;, ip: &apos;172.16.44.125&apos;, os.name: &apos;Windows 10&apos;, os.arch: &apos;amd64&apos;, os.version: &apos;10.0&apos;, java.version: &apos;1.8.0_261&apos;
Driver info: driver.version: ChromeDriver
remote stacktrace: Backtrace:
	Ordinal0 [0x00B6ECE3+3337443]
	Ordinal0 [0x00A4F041+2158657]
	Ordinal0 [0x008D6FA8+618408]
	Ordinal0 [0x0084E48A+58506]
	Ordinal0 [0x0084C38A+50058]
	Ordinal0 [0x00875E8E+220814]
	Ordinal0 [0x00875BFC+220156]
	Ordinal0 [0x0087181B+202779]
	Ordinal0 [0x00853D74+81268]
	Ordinal0 [0x00854D6E+85358]
	Ordinal0 [0x00854CF9+85241]
	Ordinal0 [0x00A66F2C+2256684]
	GetHandleVerifier [0x00CF2FAC+1478332]
	GetHandleVerifier [0x00CF2AFD+1477133]
	GetHandleVerifier [0x00CFAAD8+1509864]
	GetHandleVerifier [0x00CF369E+1480110]
	Ordinal0 [0x00A5D6BD+2217661]
	Ordinal0 [0x00A689AB+2263467]
	Ordinal0 [0x00A68AEF+2263791]
	Ordinal0 [0x00A7D363+2347875]
	BaseThreadInitThunk [0x77776359+25]
	RtlGetAppContainerNamedObjectPath [0x77AF8944+228]
	RtlGetAppContainerNamedObjectPath [0x77AF8914+180]

	at org.openqa.selenium.remote.W3CHandshakeResponse.lambda$errorHandler$0(W3CHandshakeResponse.java:62)
	at org.openqa.selenium.remote.HandshakeResponse.lambda$getResponseFunction$0(HandshakeResponse.java:30)
	at org.openqa.selenium.remote.ProtocolHandshake.lambda$createSession$0(ProtocolHandshake.java:126)
	at java.util.stream.ReferencePipeline$3$1.accept(Unknown Source)
	at java.util.Spliterators$ArraySpliterator.tryAdvance(Unknown Source)
	at java.util.stream.ReferencePipeline.forEachWithCancel(Unknown Source)
	at java.util.stream.AbstractPipeline.copyIntoWithCancel(Unknown Source)
	at java.util.stream.AbstractPipeline.copyInto(Unknown Source)
	at java.util.stream.AbstractPipeline.wrapAndCopyInto(Unknown Source)
	at java.util.stream.FindOps$FindOp.evaluateSequential(Unknown Source)
	at java.util.stream.AbstractPipeline.evaluate(Unknown Source)
	at java.util.stream.ReferencePipeline.findFirst(Unknown Source)
	at org.openqa.selenium.remote.ProtocolHandshake.createSession(ProtocolHandshake.java:128)
	at org.openqa.selenium.remote.ProtocolHandshake.createSession(ProtocolHandshake.java:74)
	at org.openqa.selenium.remote.HttpCommandExecutor.execute(HttpCommandExecutor.java:136)
	at org.openqa.selenium.remote.service.DriverCommandExecutor.execute(DriverCommandExecutor.java:83)
	at org.openqa.selenium.remote.RemoteWebDriver.execute(RemoteWebDriver.java:552)
	at org.openqa.selenium.remote.RemoteWebDriver.startSession(RemoteWebDriver.java:213)
	at org.openqa.selenium.remote.RemoteWebDriver.&lt;init&gt;(RemoteWebDriver.java:131)
	at org.openqa.selenium.chrome.ChromeDriver.&lt;init&gt;(ChromeDriver.java:181)
	at org.openqa.selenium.chrome.ChromeDriver.&lt;init&gt;(ChromeDriver.java:168)
	at org.openqa.selenium.chrome.ChromeDriver.&lt;init&gt;(ChromeDriver.java:123)
	at AndroidAppiumAuto.CommonMethods.initmethods(CommonMethods.java:68)
	at AndroidAppiumAuto.AppActivity.launchapp(AppActivity.java:1247)
	at java.util.concurrent.ThreadPoolExecutor.runWorker(Unknown Source)
	at java.util.concurrent.ThreadPoolExecutor$Worker.run(Unknown Source)
	at java.lang.Thread.run(Unknown Source)
... Removed 15 stack frames</div></td></tr></table><p class="totop"><a href="#summary">back to summary</a></p>
<h3 id="m26">AndroidAppiumAuto.AppActivity#TopUpVoucher</h3><table class="result"><tr><th>Exception</th></tr><tr><td><div class="stacktrace">org.openqa.selenium.WebDriverException: unknown error: Chrome failed to start: exited normally.
  (unknown error: DevToolsActivePort file doesn&apos;t exist)
  (The process started from chrome location C:\Program Files (x86)\Google\Chrome\Application\chrome.exe is no longer running, so ChromeDriver is assuming that Chrome has crashed.)
Build info: version: &apos;3.141.59&apos;, revision: &apos;e82be7d358&apos;, time: &apos;2018-11-14T08:17:03&apos;
System info: host: &apos;WLPT761&apos;, ip: &apos;172.16.44.125&apos;, os.name: &apos;Windows 10&apos;, os.arch: &apos;amd64&apos;, os.version: &apos;10.0&apos;, java.version: &apos;1.8.0_261&apos;
Driver info: driver.version: ChromeDriver
remote stacktrace: Backtrace:
	Ordinal0 [0x00B6ECE3+3337443]
	Ordinal0 [0x00A4F041+2158657]
	Ordinal0 [0x008D6FA8+618408]
	Ordinal0 [0x0084E48A+58506]
	Ordinal0 [0x0084C38A+50058]
	Ordinal0 [0x00875E8E+220814]
	Ordinal0 [0x00875BFC+220156]
	Ordinal0 [0x0087181B+202779]
	Ordinal0 [0x00853D74+81268]
	Ordinal0 [0x00854D6E+85358]
	Ordinal0 [0x00854CF9+85241]
	Ordinal0 [0x00A66F2C+2256684]
	GetHandleVerifier [0x00CF2FAC+1478332]
	GetHandleVerifier [0x00CF2AFD+1477133]
	GetHandleVerifier [0x00CFAAD8+1509864]
	GetHandleVerifier [0x00CF369E+1480110]
	Ordinal0 [0x00A5D6BD+2217661]
	Ordinal0 [0x00A689AB+2263467]
	Ordinal0 [0x00A68AEF+2263791]
	Ordinal0 [0x00A7D363+2347875]
	BaseThreadInitThunk [0x77776359+25]
	RtlGetAppContainerNamedObjectPath [0x77AF8944+228]
	RtlGetAppContainerNamedObjectPath [0x77AF8914+180]

	at org.openqa.selenium.remote.W3CHandshakeResponse.lambda$errorHandler$0(W3CHandshakeResponse.java:62)
	at org.openqa.selenium.remote.HandshakeResponse.lambda$getResponseFunction$0(HandshakeResponse.java:30)
	at org.openqa.selenium.remote.ProtocolHandshake.lambda$createSession$0(ProtocolHandshake.java:126)
	at java.util.stream.ReferencePipeline$3$1.accept(Unknown Source)
	at java.util.Spliterators$ArraySpliterator.tryAdvance(Unknown Source)
	at java.util.stream.ReferencePipeline.forEachWithCancel(Unknown Source)
	at java.util.stream.AbstractPipeline.copyIntoWithCancel(Unknown Source)
	at java.util.stream.AbstractPipeline.copyInto(Unknown Source)
	at java.util.stream.AbstractPipeline.wrapAndCopyInto(Unknown Source)
	at java.util.stream.FindOps$FindOp.evaluateSequential(Unknown Source)
	at java.util.stream.AbstractPipeline.evaluate(Unknown Source)
	at java.util.stream.ReferencePipeline.findFirst(Unknown Source)
	at org.openqa.selenium.remote.ProtocolHandshake.createSession(ProtocolHandshake.java:128)
	at org.openqa.selenium.remote.ProtocolHandshake.createSession(ProtocolHandshake.java:74)
	at org.openqa.selenium.remote.HttpCommandExecutor.execute(HttpCommandExecutor.java:136)
	at org.openqa.selenium.remote.service.DriverCommandExecutor.execute(DriverCommandExecutor.java:83)
	at org.openqa.selenium.remote.RemoteWebDriver.execute(RemoteWebDriver.java:552)
	at org.openqa.selenium.remote.RemoteWebDriver.startSession(RemoteWebDriver.java:213)
	at org.openqa.selenium.remote.RemoteWebDriver.&lt;init&gt;(RemoteWebDriver.java:131)
	at org.openqa.selenium.chrome.ChromeDriver.&lt;init&gt;(ChromeDriver.java:181)
	at org.openqa.selenium.chrome.ChromeDriver.&lt;init&gt;(ChromeDriver.java:168)
	at org.openqa.selenium.chrome.ChromeDriver.&lt;init&gt;(ChromeDriver.java:123)
	at AndroidAppiumAuto.CommonMethods.initmethods(CommonMethods.java:68)
	at AndroidAppiumAuto.AppActivity.launchapp(AppActivity.java:1247)
	at java.util.concurrent.ThreadPoolExecutor.runWorker(Unknown Source)
	at java.util.concurrent.ThreadPoolExecutor$Worker.run(Unknown Source)
	at java.lang.Thread.run(Unknown Source)
... Removed 15 stack frames</div></td></tr></table><p class="totop"><a href="#summary">back to summary</a></p>
<h3 id="m27">AndroidAppiumAuto.AppActivity#UsageHistory</h3><table class="result"><tr><th>Exception</th></tr><tr><td><div class="stacktrace">org.openqa.selenium.WebDriverException: unknown error: Chrome failed to start: exited normally.
  (unknown error: DevToolsActivePort file doesn&apos;t exist)
  (The process started from chrome location C:\Program Files (x86)\Google\Chrome\Application\chrome.exe is no longer running, so ChromeDriver is assuming that Chrome has crashed.)
Build info: version: &apos;3.141.59&apos;, revision: &apos;e82be7d358&apos;, time: &apos;2018-11-14T08:17:03&apos;
System info: host: &apos;WLPT761&apos;, ip: &apos;172.16.44.125&apos;, os.name: &apos;Windows 10&apos;, os.arch: &apos;amd64&apos;, os.version: &apos;10.0&apos;, java.version: &apos;1.8.0_261&apos;
Driver info: driver.version: ChromeDriver
remote stacktrace: Backtrace:
	Ordinal0 [0x00B6ECE3+3337443]
	Ordinal0 [0x00A4F041+2158657]
	Ordinal0 [0x008D6FA8+618408]
	Ordinal0 [0x0084E48A+58506]
	Ordinal0 [0x0084C38A+50058]
	Ordinal0 [0x00875E8E+220814]
	Ordinal0 [0x00875BFC+220156]
	Ordinal0 [0x0087181B+202779]
	Ordinal0 [0x00853D74+81268]
	Ordinal0 [0x00854D6E+85358]
	Ordinal0 [0x00854CF9+85241]
	Ordinal0 [0x00A66F2C+2256684]
	GetHandleVerifier [0x00CF2FAC+1478332]
	GetHandleVerifier [0x00CF2AFD+1477133]
	GetHandleVerifier [0x00CFAAD8+1509864]
	GetHandleVerifier [0x00CF369E+1480110]
	Ordinal0 [0x00A5D6BD+2217661]
	Ordinal0 [0x00A689AB+2263467]
	Ordinal0 [0x00A68AEF+2263791]
	Ordinal0 [0x00A7D363+2347875]
	BaseThreadInitThunk [0x77776359+25]
	RtlGetAppContainerNamedObjectPath [0x77AF8944+228]
	RtlGetAppContainerNamedObjectPath [0x77AF8914+180]

	at org.openqa.selenium.remote.W3CHandshakeResponse.lambda$errorHandler$0(W3CHandshakeResponse.java:62)
	at org.openqa.selenium.remote.HandshakeResponse.lambda$getResponseFunction$0(HandshakeResponse.java:30)
	at org.openqa.selenium.remote.ProtocolHandshake.lambda$createSession$0(ProtocolHandshake.java:126)
	at java.util.stream.ReferencePipeline$3$1.accept(Unknown Source)
	at java.util.Spliterators$ArraySpliterator.tryAdvance(Unknown Source)
	at java.util.stream.ReferencePipeline.forEachWithCancel(Unknown Source)
	at java.util.stream.AbstractPipeline.copyIntoWithCancel(Unknown Source)
	at java.util.stream.AbstractPipeline.copyInto(Unknown Source)
	at java.util.stream.AbstractPipeline.wrapAndCopyInto(Unknown Source)
	at java.util.stream.FindOps$FindOp.evaluateSequential(Unknown Source)
	at java.util.stream.AbstractPipeline.evaluate(Unknown Source)
	at java.util.stream.ReferencePipeline.findFirst(Unknown Source)
	at org.openqa.selenium.remote.ProtocolHandshake.createSession(ProtocolHandshake.java:128)
	at org.openqa.selenium.remote.ProtocolHandshake.createSession(ProtocolHandshake.java:74)
	at org.openqa.selenium.remote.HttpCommandExecutor.execute(HttpCommandExecutor.java:136)
	at org.openqa.selenium.remote.service.DriverCommandExecutor.execute(DriverCommandExecutor.java:83)
	at org.openqa.selenium.remote.RemoteWebDriver.execute(RemoteWebDriver.java:552)
	at org.openqa.selenium.remote.RemoteWebDriver.startSession(RemoteWebDriver.java:213)
	at org.openqa.selenium.remote.RemoteWebDriver.&lt;init&gt;(RemoteWebDriver.java:131)
	at org.openqa.selenium.chrome.ChromeDriver.&lt;init&gt;(ChromeDriver.java:181)
	at org.openqa.selenium.chrome.ChromeDriver.&lt;init&gt;(ChromeDriver.java:168)
	at org.openqa.selenium.chrome.ChromeDriver.&lt;init&gt;(ChromeDriver.java:123)
	at AndroidAppiumAuto.CommonMethods.initmethods(CommonMethods.java:68)
	at AndroidAppiumAuto.AppActivity.launchapp(AppActivity.java:1247)
	at java.util.concurrent.ThreadPoolExecutor.runWorker(Unknown Source)
	at java.util.concurrent.ThreadPoolExecutor$Worker.run(Unknown Source)
	at java.lang.Thread.run(Unknown Source)
... Removed 15 stack frames</div></td></tr></table><p class="totop"><a href="#summary">back to summary</a></p>
<h3 id="m28">AndroidAppiumAuto.AppActivity#UserRegisterDetails</h3><table class="result"><tr><th>Exception</th></tr><tr><td><div class="stacktrace">org.openqa.selenium.WebDriverException: unknown error: Chrome failed to start: exited normally.
  (unknown error: DevToolsActivePort file doesn&apos;t exist)
  (The process started from chrome location C:\Program Files (x86)\Google\Chrome\Application\chrome.exe is no longer running, so ChromeDriver is assuming that Chrome has crashed.)
Build info: version: &apos;3.141.59&apos;, revision: &apos;e82be7d358&apos;, time: &apos;2018-11-14T08:17:03&apos;
System info: host: &apos;WLPT761&apos;, ip: &apos;172.16.44.125&apos;, os.name: &apos;Windows 10&apos;, os.arch: &apos;amd64&apos;, os.version: &apos;10.0&apos;, java.version: &apos;1.8.0_261&apos;
Driver info: driver.version: ChromeDriver
remote stacktrace: Backtrace:
	Ordinal0 [0x00B6ECE3+3337443]
	Ordinal0 [0x00A4F041+2158657]
	Ordinal0 [0x008D6FA8+618408]
	Ordinal0 [0x0084E48A+58506]
	Ordinal0 [0x0084C38A+50058]
	Ordinal0 [0x00875E8E+220814]
	Ordinal0 [0x00875BFC+220156]
	Ordinal0 [0x0087181B+202779]
	Ordinal0 [0x00853D74+81268]
	Ordinal0 [0x00854D6E+85358]
	Ordinal0 [0x00854CF9+85241]
	Ordinal0 [0x00A66F2C+2256684]
	GetHandleVerifier [0x00CF2FAC+1478332]
	GetHandleVerifier [0x00CF2AFD+1477133]
	GetHandleVerifier [0x00CFAAD8+1509864]
	GetHandleVerifier [0x00CF369E+1480110]
	Ordinal0 [0x00A5D6BD+2217661]
	Ordinal0 [0x00A689AB+2263467]
	Ordinal0 [0x00A68AEF+2263791]
	Ordinal0 [0x00A7D363+2347875]
	BaseThreadInitThunk [0x77776359+25]
	RtlGetAppContainerNamedObjectPath [0x77AF8944+228]
	RtlGetAppContainerNamedObjectPath [0x77AF8914+180]

	at org.openqa.selenium.remote.W3CHandshakeResponse.lambda$errorHandler$0(W3CHandshakeResponse.java:62)
	at org.openqa.selenium.remote.HandshakeResponse.lambda$getResponseFunction$0(HandshakeResponse.java:30)
	at org.openqa.selenium.remote.ProtocolHandshake.lambda$createSession$0(ProtocolHandshake.java:126)
	at java.util.stream.ReferencePipeline$3$1.accept(Unknown Source)
	at java.util.Spliterators$ArraySpliterator.tryAdvance(Unknown Source)
	at java.util.stream.ReferencePipeline.forEachWithCancel(Unknown Source)
	at java.util.stream.AbstractPipeline.copyIntoWithCancel(Unknown Source)
	at java.util.stream.AbstractPipeline.copyInto(Unknown Source)
	at java.util.stream.AbstractPipeline.wrapAndCopyInto(Unknown Source)
	at java.util.stream.FindOps$FindOp.evaluateSequential(Unknown Source)
	at java.util.stream.AbstractPipeline.evaluate(Unknown Source)
	at java.util.stream.ReferencePipeline.findFirst(Unknown Source)
	at org.openqa.selenium.remote.ProtocolHandshake.createSession(ProtocolHandshake.java:128)
	at org.openqa.selenium.remote.ProtocolHandshake.createSession(ProtocolHandshake.java:74)
	at org.openqa.selenium.remote.HttpCommandExecutor.execute(HttpCommandExecutor.java:136)
	at org.openqa.selenium.remote.service.DriverCommandExecutor.execute(DriverCommandExecutor.java:83)
	at org.openqa.selenium.remote.RemoteWebDriver.execute(RemoteWebDriver.java:552)
	at org.openqa.selenium.remote.RemoteWebDriver.startSession(RemoteWebDriver.java:213)
	at org.openqa.selenium.remote.RemoteWebDriver.&lt;init&gt;(RemoteWebDriver.java:131)
	at org.openqa.selenium.chrome.ChromeDriver.&lt;init&gt;(ChromeDriver.java:181)
	at org.openqa.selenium.chrome.ChromeDriver.&lt;init&gt;(ChromeDriver.java:168)
	at org.openqa.selenium.chrome.ChromeDriver.&lt;init&gt;(ChromeDriver.java:123)
	at AndroidAppiumAuto.CommonMethods.initmethods(CommonMethods.java:68)
	at AndroidAppiumAuto.AppActivity.launchapp(AppActivity.java:1247)
	at java.util.concurrent.ThreadPoolExecutor.runWorker(Unknown Source)
	at java.util.concurrent.ThreadPoolExecutor$Worker.run(Unknown Source)
	at java.lang.Thread.run(Unknown Source)
... Removed 15 stack frames</div></td></tr></table><p class="totop"><a href="#summary">back to summary</a></p>
<h3 id="m29">AndroidAppiumAuto.AppActivity#UserRegisterStatus</h3><table class="result"><tr><th>Exception</th></tr><tr><td><div class="stacktrace">org.openqa.selenium.WebDriverException: unknown error: Chrome failed to start: exited normally.
  (unknown error: DevToolsActivePort file doesn&apos;t exist)
  (The process started from chrome location C:\Program Files (x86)\Google\Chrome\Application\chrome.exe is no longer running, so ChromeDriver is assuming that Chrome has crashed.)
Build info: version: &apos;3.141.59&apos;, revision: &apos;e82be7d358&apos;, time: &apos;2018-11-14T08:17:03&apos;
System info: host: &apos;WLPT761&apos;, ip: &apos;172.16.44.125&apos;, os.name: &apos;Windows 10&apos;, os.arch: &apos;amd64&apos;, os.version: &apos;10.0&apos;, java.version: &apos;1.8.0_261&apos;
Driver info: driver.version: ChromeDriver
remote stacktrace: Backtrace:
	Ordinal0 [0x00B6ECE3+3337443]
	Ordinal0 [0x00A4F041+2158657]
	Ordinal0 [0x008D6FA8+618408]
	Ordinal0 [0x0084E48A+58506]
	Ordinal0 [0x0084C38A+50058]
	Ordinal0 [0x00875E8E+220814]
	Ordinal0 [0x00875BFC+220156]
	Ordinal0 [0x0087181B+202779]
	Ordinal0 [0x00853D74+81268]
	Ordinal0 [0x00854D6E+85358]
	Ordinal0 [0x00854CF9+85241]
	Ordinal0 [0x00A66F2C+2256684]
	GetHandleVerifier [0x00CF2FAC+1478332]
	GetHandleVerifier [0x00CF2AFD+1477133]
	GetHandleVerifier [0x00CFAAD8+1509864]
	GetHandleVerifier [0x00CF369E+1480110]
	Ordinal0 [0x00A5D6BD+2217661]
	Ordinal0 [0x00A689AB+2263467]
	Ordinal0 [0x00A68AEF+2263791]
	Ordinal0 [0x00A7D363+2347875]
	BaseThreadInitThunk [0x77776359+25]
	RtlGetAppContainerNamedObjectPath [0x77AF8944+228]
	RtlGetAppContainerNamedObjectPath [0x77AF8914+180]

	at org.openqa.selenium.remote.W3CHandshakeResponse.lambda$errorHandler$0(W3CHandshakeResponse.java:62)
	at org.openqa.selenium.remote.HandshakeResponse.lambda$getResponseFunction$0(HandshakeResponse.java:30)
	at org.openqa.selenium.remote.ProtocolHandshake.lambda$createSession$0(ProtocolHandshake.java:126)
	at java.util.stream.ReferencePipeline$3$1.accept(Unknown Source)
	at java.util.Spliterators$ArraySpliterator.tryAdvance(Unknown Source)
	at java.util.stream.ReferencePipeline.forEachWithCancel(Unknown Source)
	at java.util.stream.AbstractPipeline.copyIntoWithCancel(Unknown Source)
	at java.util.stream.AbstractPipeline.copyInto(Unknown Source)
	at java.util.stream.AbstractPipeline.wrapAndCopyInto(Unknown Source)
	at java.util.stream.FindOps$FindOp.evaluateSequential(Unknown Source)
	at java.util.stream.AbstractPipeline.evaluate(Unknown Source)
	at java.util.stream.ReferencePipeline.findFirst(Unknown Source)
	at org.openqa.selenium.remote.ProtocolHandshake.createSession(ProtocolHandshake.java:128)
	at org.openqa.selenium.remote.ProtocolHandshake.createSession(ProtocolHandshake.java:74)
	at org.openqa.selenium.remote.HttpCommandExecutor.execute(HttpCommandExecutor.java:136)
	at org.openqa.selenium.remote.service.DriverCommandExecutor.execute(DriverCommandExecutor.java:83)
	at org.openqa.selenium.remote.RemoteWebDriver.execute(RemoteWebDriver.java:552)
	at org.openqa.selenium.remote.RemoteWebDriver.startSession(RemoteWebDriver.java:213)
	at org.openqa.selenium.remote.RemoteWebDriver.&lt;init&gt;(RemoteWebDriver.java:131)
	at org.openqa.selenium.chrome.ChromeDriver.&lt;init&gt;(ChromeDriver.java:181)
	at org.openqa.selenium.chrome.ChromeDriver.&lt;init&gt;(ChromeDriver.java:168)
	at org.openqa.selenium.chrome.ChromeDriver.&lt;init&gt;(ChromeDriver.java:123)
	at AndroidAppiumAuto.CommonMethods.initmethods(CommonMethods.java:68)
	at AndroidAppiumAuto.AppActivity.launchapp(AppActivity.java:1247)
	at java.util.concurrent.ThreadPoolExecutor.runWorker(Unknown Source)
	at java.util.concurrent.ThreadPoolExecutor$Worker.run(Unknown Source)
	at java.lang.Thread.run(Unknown Source)
... Removed 15 stack frames</div></td></tr></table><p class="totop"><a href="#summary">back to summary</a></p>
<h3 id="m30">AndroidAppiumAuto.AppActivity#VIPMyBenefits</h3><table class="result"><tr><th>Exception</th></tr><tr><td><div class="stacktrace">org.openqa.selenium.WebDriverException: unknown error: Chrome failed to start: exited normally.
  (unknown error: DevToolsActivePort file doesn&apos;t exist)
  (The process started from chrome location C:\Program Files (x86)\Google\Chrome\Application\chrome.exe is no longer running, so ChromeDriver is assuming that Chrome has crashed.)
Build info: version: &apos;3.141.59&apos;, revision: &apos;e82be7d358&apos;, time: &apos;2018-11-14T08:17:03&apos;
System info: host: &apos;WLPT761&apos;, ip: &apos;172.16.44.125&apos;, os.name: &apos;Windows 10&apos;, os.arch: &apos;amd64&apos;, os.version: &apos;10.0&apos;, java.version: &apos;1.8.0_261&apos;
Driver info: driver.version: ChromeDriver
remote stacktrace: Backtrace:
	Ordinal0 [0x00B6ECE3+3337443]
	Ordinal0 [0x00A4F041+2158657]
	Ordinal0 [0x008D6FA8+618408]
	Ordinal0 [0x0084E48A+58506]
	Ordinal0 [0x0084C38A+50058]
	Ordinal0 [0x00875E8E+220814]
	Ordinal0 [0x00875BFC+220156]
	Ordinal0 [0x0087181B+202779]
	Ordinal0 [0x00853D74+81268]
	Ordinal0 [0x00854D6E+85358]
	Ordinal0 [0x00854CF9+85241]
	Ordinal0 [0x00A66F2C+2256684]
	GetHandleVerifier [0x00CF2FAC+1478332]
	GetHandleVerifier [0x00CF2AFD+1477133]
	GetHandleVerifier [0x00CFAAD8+1509864]
	GetHandleVerifier [0x00CF369E+1480110]
	Ordinal0 [0x00A5D6BD+2217661]
	Ordinal0 [0x00A689AB+2263467]
	Ordinal0 [0x00A68AEF+2263791]
	Ordinal0 [0x00A7D363+2347875]
	BaseThreadInitThunk [0x77776359+25]
	RtlGetAppContainerNamedObjectPath [0x77AF8944+228]
	RtlGetAppContainerNamedObjectPath [0x77AF8914+180]

	at org.openqa.selenium.remote.W3CHandshakeResponse.lambda$errorHandler$0(W3CHandshakeResponse.java:62)
	at org.openqa.selenium.remote.HandshakeResponse.lambda$getResponseFunction$0(HandshakeResponse.java:30)
	at org.openqa.selenium.remote.ProtocolHandshake.lambda$createSession$0(ProtocolHandshake.java:126)
	at java.util.stream.ReferencePipeline$3$1.accept(Unknown Source)
	at java.util.Spliterators$ArraySpliterator.tryAdvance(Unknown Source)
	at java.util.stream.ReferencePipeline.forEachWithCancel(Unknown Source)
	at java.util.stream.AbstractPipeline.copyIntoWithCancel(Unknown Source)
	at java.util.stream.AbstractPipeline.copyInto(Unknown Source)
	at java.util.stream.AbstractPipeline.wrapAndCopyInto(Unknown Source)
	at java.util.stream.FindOps$FindOp.evaluateSequential(Unknown Source)
	at java.util.stream.AbstractPipeline.evaluate(Unknown Source)
	at java.util.stream.ReferencePipeline.findFirst(Unknown Source)
	at org.openqa.selenium.remote.ProtocolHandshake.createSession(ProtocolHandshake.java:128)
	at org.openqa.selenium.remote.ProtocolHandshake.createSession(ProtocolHandshake.java:74)
	at org.openqa.selenium.remote.HttpCommandExecutor.execute(HttpCommandExecutor.java:136)
	at org.openqa.selenium.remote.service.DriverCommandExecutor.execute(DriverCommandExecutor.java:83)
	at org.openqa.selenium.remote.RemoteWebDriver.execute(RemoteWebDriver.java:552)
	at org.openqa.selenium.remote.RemoteWebDriver.startSession(RemoteWebDriver.java:213)
	at org.openqa.selenium.remote.RemoteWebDriver.&lt;init&gt;(RemoteWebDriver.java:131)
	at org.openqa.selenium.chrome.ChromeDriver.&lt;init&gt;(ChromeDriver.java:181)
	at org.openqa.selenium.chrome.ChromeDriver.&lt;init&gt;(ChromeDriver.java:168)
	at org.openqa.selenium.chrome.ChromeDriver.&lt;init&gt;(ChromeDriver.java:123)
	at AndroidAppiumAuto.CommonMethods.initmethods(CommonMethods.java:68)
	at AndroidAppiumAuto.AppActivity.launchapp(AppActivity.java:1247)
	at java.util.concurrent.ThreadPoolExecutor.runWorker(Unknown Source)
	at java.util.concurrent.ThreadPoolExecutor$Worker.run(Unknown Source)
	at java.lang.Thread.run(Unknown Source)
... Removed 15 stack frames</div></td></tr></table><p class="totop"><a href="#summary">back to summary</a></p>
<h3 id="m31">AndroidAppiumAuto.AppActivity#VIP_Validation</h3><table class="result"><tr><th>Exception</th></tr><tr><td><div class="stacktrace">org.openqa.selenium.WebDriverException: unknown error: Chrome failed to start: exited normally.
  (unknown error: DevToolsActivePort file doesn&apos;t exist)
  (The process started from chrome location C:\Program Files (x86)\Google\Chrome\Application\chrome.exe is no longer running, so ChromeDriver is assuming that Chrome has crashed.)
Build info: version: &apos;3.141.59&apos;, revision: &apos;e82be7d358&apos;, time: &apos;2018-11-14T08:17:03&apos;
System info: host: &apos;WLPT761&apos;, ip: &apos;172.16.44.125&apos;, os.name: &apos;Windows 10&apos;, os.arch: &apos;amd64&apos;, os.version: &apos;10.0&apos;, java.version: &apos;1.8.0_261&apos;
Driver info: driver.version: ChromeDriver
remote stacktrace: Backtrace:
	Ordinal0 [0x00B6ECE3+3337443]
	Ordinal0 [0x00A4F041+2158657]
	Ordinal0 [0x008D6FA8+618408]
	Ordinal0 [0x0084E48A+58506]
	Ordinal0 [0x0084C38A+50058]
	Ordinal0 [0x00875E8E+220814]
	Ordinal0 [0x00875BFC+220156]
	Ordinal0 [0x0087181B+202779]
	Ordinal0 [0x00853D74+81268]
	Ordinal0 [0x00854D6E+85358]
	Ordinal0 [0x00854CF9+85241]
	Ordinal0 [0x00A66F2C+2256684]
	GetHandleVerifier [0x00CF2FAC+1478332]
	GetHandleVerifier [0x00CF2AFD+1477133]
	GetHandleVerifier [0x00CFAAD8+1509864]
	GetHandleVerifier [0x00CF369E+1480110]
	Ordinal0 [0x00A5D6BD+2217661]
	Ordinal0 [0x00A689AB+2263467]
	Ordinal0 [0x00A68AEF+2263791]
	Ordinal0 [0x00A7D363+2347875]
	BaseThreadInitThunk [0x77776359+25]
	RtlGetAppContainerNamedObjectPath [0x77AF8944+228]
	RtlGetAppContainerNamedObjectPath [0x77AF8914+180]

	at org.openqa.selenium.remote.W3CHandshakeResponse.lambda$errorHandler$0(W3CHandshakeResponse.java:62)
	at org.openqa.selenium.remote.HandshakeResponse.lambda$getResponseFunction$0(HandshakeResponse.java:30)
	at org.openqa.selenium.remote.ProtocolHandshake.lambda$createSession$0(ProtocolHandshake.java:126)
	at java.util.stream.ReferencePipeline$3$1.accept(Unknown Source)
	at java.util.Spliterators$ArraySpliterator.tryAdvance(Unknown Source)
	at java.util.stream.ReferencePipeline.forEachWithCancel(Unknown Source)
	at java.util.stream.AbstractPipeline.copyIntoWithCancel(Unknown Source)
	at java.util.stream.AbstractPipeline.copyInto(Unknown Source)
	at java.util.stream.AbstractPipeline.wrapAndCopyInto(Unknown Source)
	at java.util.stream.FindOps$FindOp.evaluateSequential(Unknown Source)
	at java.util.stream.AbstractPipeline.evaluate(Unknown Source)
	at java.util.stream.ReferencePipeline.findFirst(Unknown Source)
	at org.openqa.selenium.remote.ProtocolHandshake.createSession(ProtocolHandshake.java:128)
	at org.openqa.selenium.remote.ProtocolHandshake.createSession(ProtocolHandshake.java:74)
	at org.openqa.selenium.remote.HttpCommandExecutor.execute(HttpCommandExecutor.java:136)
	at org.openqa.selenium.remote.service.DriverCommandExecutor.execute(DriverCommandExecutor.java:83)
	at org.openqa.selenium.remote.RemoteWebDriver.execute(RemoteWebDriver.java:552)
	at org.openqa.selenium.remote.RemoteWebDriver.startSession(RemoteWebDriver.java:213)
	at org.openqa.selenium.remote.RemoteWebDriver.&lt;init&gt;(RemoteWebDriver.java:131)
	at org.openqa.selenium.chrome.ChromeDriver.&lt;init&gt;(ChromeDriver.java:181)
	at org.openqa.selenium.chrome.ChromeDriver.&lt;init&gt;(ChromeDriver.java:168)
	at org.openqa.selenium.chrome.ChromeDriver.&lt;init&gt;(ChromeDriver.java:123)
	at AndroidAppiumAuto.CommonMethods.initmethods(CommonMethods.java:68)
	at AndroidAppiumAuto.AppActivity.launchapp(AppActivity.java:1247)
	at java.util.concurrent.ThreadPoolExecutor.runWorker(Unknown Source)
	at java.util.concurrent.ThreadPoolExecutor$Worker.run(Unknown Source)
	at java.lang.Thread.run(Unknown Source)
... Removed 15 stack frames</div></td></tr></table><p class="totop"><a href="#summary">back to summary</a></p>
<h3 id="m32">AndroidAppiumAuto.AppActivity#contextpopup</h3><table class="result"><tr><th>Exception</th></tr><tr><td><div class="stacktrace">org.openqa.selenium.WebDriverException: unknown error: Chrome failed to start: exited normally.
  (unknown error: DevToolsActivePort file doesn&apos;t exist)
  (The process started from chrome location C:\Program Files (x86)\Google\Chrome\Application\chrome.exe is no longer running, so ChromeDriver is assuming that Chrome has crashed.)
Build info: version: &apos;3.141.59&apos;, revision: &apos;e82be7d358&apos;, time: &apos;2018-11-14T08:17:03&apos;
System info: host: &apos;WLPT761&apos;, ip: &apos;172.16.44.125&apos;, os.name: &apos;Windows 10&apos;, os.arch: &apos;amd64&apos;, os.version: &apos;10.0&apos;, java.version: &apos;1.8.0_261&apos;
Driver info: driver.version: ChromeDriver
remote stacktrace: Backtrace:
	Ordinal0 [0x00B6ECE3+3337443]
	Ordinal0 [0x00A4F041+2158657]
	Ordinal0 [0x008D6FA8+618408]
	Ordinal0 [0x0084E48A+58506]
	Ordinal0 [0x0084C38A+50058]
	Ordinal0 [0x00875E8E+220814]
	Ordinal0 [0x00875BFC+220156]
	Ordinal0 [0x0087181B+202779]
	Ordinal0 [0x00853D74+81268]
	Ordinal0 [0x00854D6E+85358]
	Ordinal0 [0x00854CF9+85241]
	Ordinal0 [0x00A66F2C+2256684]
	GetHandleVerifier [0x00CF2FAC+1478332]
	GetHandleVerifier [0x00CF2AFD+1477133]
	GetHandleVerifier [0x00CFAAD8+1509864]
	GetHandleVerifier [0x00CF369E+1480110]
	Ordinal0 [0x00A5D6BD+2217661]
	Ordinal0 [0x00A689AB+2263467]
	Ordinal0 [0x00A68AEF+2263791]
	Ordinal0 [0x00A7D363+2347875]
	BaseThreadInitThunk [0x77776359+25]
	RtlGetAppContainerNamedObjectPath [0x77AF8944+228]
	RtlGetAppContainerNamedObjectPath [0x77AF8914+180]

	at org.openqa.selenium.remote.W3CHandshakeResponse.lambda$errorHandler$0(W3CHandshakeResponse.java:62)
	at org.openqa.selenium.remote.HandshakeResponse.lambda$getResponseFunction$0(HandshakeResponse.java:30)
	at org.openqa.selenium.remote.ProtocolHandshake.lambda$createSession$0(ProtocolHandshake.java:126)
	at java.util.stream.ReferencePipeline$3$1.accept(Unknown Source)
	at java.util.Spliterators$ArraySpliterator.tryAdvance(Unknown Source)
	at java.util.stream.ReferencePipeline.forEachWithCancel(Unknown Source)
	at java.util.stream.AbstractPipeline.copyIntoWithCancel(Unknown Source)
	at java.util.stream.AbstractPipeline.copyInto(Unknown Source)
	at java.util.stream.AbstractPipeline.wrapAndCopyInto(Unknown Source)
	at java.util.stream.FindOps$FindOp.evaluateSequential(Unknown Source)
	at java.util.stream.AbstractPipeline.evaluate(Unknown Source)
	at java.util.stream.ReferencePipeline.findFirst(Unknown Source)
	at org.openqa.selenium.remote.ProtocolHandshake.createSession(ProtocolHandshake.java:128)
	at org.openqa.selenium.remote.ProtocolHandshake.createSession(ProtocolHandshake.java:74)
	at org.openqa.selenium.remote.HttpCommandExecutor.execute(HttpCommandExecutor.java:136)
	at org.openqa.selenium.remote.service.DriverCommandExecutor.execute(DriverCommandExecutor.java:83)
	at org.openqa.selenium.remote.RemoteWebDriver.execute(RemoteWebDriver.java:552)
	at org.openqa.selenium.remote.RemoteWebDriver.startSession(RemoteWebDriver.java:213)
	at org.openqa.selenium.remote.RemoteWebDriver.&lt;init&gt;(RemoteWebDriver.java:131)
	at org.openqa.selenium.chrome.ChromeDriver.&lt;init&gt;(ChromeDriver.java:181)
	at org.openqa.selenium.chrome.ChromeDriver.&lt;init&gt;(ChromeDriver.java:168)
	at org.openqa.selenium.chrome.ChromeDriver.&lt;init&gt;(ChromeDriver.java:123)
	at AndroidAppiumAuto.CommonMethods.initmethods(CommonMethods.java:68)
	at AndroidAppiumAuto.AppActivity.launchapp(AppActivity.java:1247)
	at java.util.concurrent.ThreadPoolExecutor.runWorker(Unknown Source)
	at java.util.concurrent.ThreadPoolExecutor$Worker.run(Unknown Source)
	at java.lang.Thread.run(Unknown Source)
... Removed 15 stack frames</div></td></tr></table><p class="totop"><a href="#summary">back to summary</a></p>
</body>
</html>
